Using pre-set license

 COMMAND LINE ARGUMENTS:
/Applications/Unity/Hub/Editor/2020.3.6f1/Unity.app/Contents/MacOS/Unity
-adb2
-batchMode
-noUpm
-name
AssetImportWorker1
-projectPath
/Users/shimazutsunehiko/GitHub/SoundGameOchiru
-logFile
Logs/AssetImportWorker1.log
-srvPort
63861
Successfully changed project path to: /Users/shimazutsunehiko/GitHub/SoundGameOchiru
/Users/shimazutsunehiko/GitHub/SoundGameOchiru
Using Asset Import Pipeline V2.
Refreshing native plugins compatible for Editor in 104.42 ms, found 2 plugins.
Preloading 0 native plugins for Editor in 0.00 ms.
Initialize engine version: 2020.3.6f1 (338bb68529b2)
[Subsystems] Discovering subsystems at path /Applications/Unity/Hub/Editor/2020.3.6f1/Unity.app/Contents/Resources/UnitySubsystems
[Subsystems] Discovering subsystems at path /Users/shimazutsunehiko/GitHub/SoundGameOchiru/Assets
GfxDevice: creating device client; threaded=0
2021-08-02 14:57:01.116 Unity[11577:642838] iMac preferred device: AMD Radeon Pro 555 (high power)
2021-08-02 14:57:01.116 Unity[11577:642838] Metal devices available: 1
2021-08-02 14:57:01.116 Unity[11577:642838] 0: AMD Radeon Pro 555 (high power)
2021-08-02 14:57:01.116 Unity[11577:642838] Using device AMD Radeon Pro 555 (high power)
Initializing Metal device caps: AMD Radeon Pro 555
Initialize mono
Mono path[0] = '/Applications/Unity/Hub/Editor/2020.3.6f1/Unity.app/Contents/Managed'
Mono path[1] = '/Applications/Unity/Hub/Editor/2020.3.6f1/Unity.app/Contents/MonoBleedingEdge/lib/mono/unityjit'
Mono config path = '/Applications/Unity/Hub/Editor/2020.3.6f1/Unity.app/Contents/MonoBleedingEdge/etc'
Using monoOptions --debugger-agent=transport=dt_socket,embedding=1,server=y,suspend=n,address=127.0.0.1:56577
Begin MonoManager ReloadAssembly
Registering precompiled unity dll's ...
Register platform support module: /Applications/Unity/Hub/Editor/2020.3.6f1/PlaybackEngines/WebGLSupport/UnityEditor.WebGL.Extensions.dll
Register platform support module: /Applications/Unity/Hub/Editor/2020.3.6f1/Unity.app/Contents/PlaybackEngines/MacStandaloneSupport/UnityEditor.OSXStandalone.Extensions.dll
Registered in 0.000637 seconds.
Native extension for OSXStandalone target not found
Native extension for WebGL target not found
Refreshing native plugins compatible for Editor in 36.38 ms, found 2 plugins.
Preloading 0 native plugins for Editor in 0.00 ms.
Mono: successfully reloaded assembly
- Completed reload, in  2.738 seconds
Platform modules already initialized, skipping
Registering precompiled user dll's ...
Registered in 0.020601 seconds.
Begin MonoManager ReloadAssembly
Native extension for OSXStandalone target not found
Native extension for WebGL target not found
Refreshing native plugins compatible for Editor in 35.69 ms, found 2 plugins.
Preloading 0 native plugins for Editor in 0.00 ms.
Mono: successfully reloaded assembly
- Completed reload, in  1.733 seconds
Platform modules already initialized, skipping
========================================================================
Worker process is ready to serve import requests
Launching external process: /Applications/Unity/Hub/Editor/2020.3.6f1/Unity.app/Contents/Tools/UnityShaderCompiler
Launched and connected shader compiler UnityShaderCompiler after 0.05 seconds
Refreshing native plugins compatible for Editor in 0.38 ms, found 2 plugins.
Preloading 0 native plugins for Editor in 0.00 ms.
Unloading 1838 Unused Serialized files (Serialized files now loaded: 0)
System memory in use before: 148.8 MB.
System memory in use after: 148.7 MB.

Unloading 24 unused Assets to reduce memory usage. Loaded Objects now: 2282.
Total: 3.689847 ms (FindLiveObjects: 0.228661 ms CreateObjectMapping: 0.134087 ms MarkObjects: 3.152006 ms  DeleteObjects: 0.173976 ms)

========================================================================
Received Import Request.
  path: Assets/Scripts/NoteGenerator.cs
  artifactKey: Guid(e5c9af054d1854ed89f15a62754a79d8) Importer(815301076,1909f56bfc062723c751e8b465ee728b)
Start importing Assets/Scripts/NoteGenerator.cs using Guid(e5c9af054d1854ed89f15a62754a79d8) Importer(815301076,1909f56bfc062723c751e8b465ee728b)  -> (artifact id: '6aa56ad7e6cf6cbde7e6e3eba17262fe') in 3.889558 seconds
  Import took 3.938670 seconds .

========================================================================
Received Import Request.
  Time since last request: 357.508627 seconds.
  path: Assets/Timelines/Timeline.playable
  artifactKey: Guid(10213415fa40949daa2f78e9dbd13d7f) Importer(815301076,1909f56bfc062723c751e8b465ee728b)
Start importing Assets/Timelines/Timeline.playable using Guid(10213415fa40949daa2f78e9dbd13d7f) Importer(815301076,1909f56bfc062723c751e8b465ee728b)  -> (artifact id: 'bc3340a21fcdcfec3a1768750ab2037b') in 1.527481 seconds
  Import took 1.530679 seconds .

